<?xml version="1.0" encoding="UTF-8"?>
<!-- Generated by org.testng.reporters.JUnitReportReporter -->
<testsuite hostname="TYSS-Sachin" failures="0" tests="1" name="EndToEndScenario.sample" time="0.948" errors="0" timestamp="2023-03-02T14:34:26 IST" skipped="0">
  <testcase classname="EndToEndScenario.sample" name="test" time="0.948"/>
  <system-out/>
</testsuite> <!-- EndToEndScenario.sample -->
