<?xml version="1.0" encoding="UTF-8"?>
<!-- Generated by org.testng.reporters.JUnitReportReporter -->
<testsuite hostname="TYSS-Sachin" failures="0" tests="1" name="EndToEndScenario.CreateProjectAndVerifyInDataBase" time="1.311" errors="0" timestamp="2023-03-02T10:42:51 IST" skipped="0">
  <testcase classname="EndToEndScenario.CreateProjectAndVerifyInDataBase" name="createProje" time="1.311"/>
  <system-out/>
</testsuite> <!-- EndToEndScenario.CreateProjectAndVerifyInDataBase -->
